{"C:\\Users\\AGX\\projects\\project-user-api\\src\\routes.ts": {"path":"C:\\Users\\AGX\\projects\\project-user-api\\src\\routes.ts","statementMap":{"0":{"start":{"line":1,"column":0},"end":{"line":1,"column":53}},"1":{"start":{"line":2,"column":0},"end":{"line":2,"column":61}},"2":{"start":{"line":4,"column":15},"end":{"line":4,"column":31}},"3":{"start":{"line":6,"column":0},"end":{"line":6,"column":92}},"4":{"start":{"line":6,"column":58},"end":{"line":6,"column":90}},"5":{"start":{"line":7,"column":0},"end":{"line":7,"column":86}},"6":{"start":{"line":7,"column":54},"end":{"line":7,"column":84}},"7":{"start":{"line":8,"column":0},"end":{"line":8,"column":87}},"8":{"start":{"line":8,"column":55},"end":{"line":8,"column":85}},"9":{"start":{"line":9,"column":0},"end":{"line":9,"column":100}},"10":{"start":{"line":9,"column":60},"end":{"line":9,"column":98}},"11":{"start":{"line":10,"column":0},"end":{"line":10,"column":91}},"12":{"start":{"line":10,"column":58},"end":{"line":10,"column":89}},"13":{"start":{"line":11,"column":0},"end":{"line":11,"column":94}},"14":{"start":{"line":11,"column":61},"end":{"line":11,"column":92}},"15":{"start":{"line":13,"column":0},"end":{"line":13,"column":22}}},"fnMap":{"0":{"name":"(anonymous_1)","decl":{"start":{"line":6,"column":25},"end":{"line":6,"column":26}},"loc":{"start":{"line":6,"column":58},"end":{"line":6,"column":90}}},"1":{"name":"(anonymous_2)","decl":{"start":{"line":7,"column":21},"end":{"line":7,"column":22}},"loc":{"start":{"line":7,"column":54},"end":{"line":7,"column":84}}},"2":{"name":"(anonymous_3)","decl":{"start":{"line":8,"column":22},"end":{"line":8,"column":23}},"loc":{"start":{"line":8,"column":55},"end":{"line":8,"column":85}}},"3":{"name":"(anonymous_4)","decl":{"start":{"line":9,"column":27},"end":{"line":9,"column":28}},"loc":{"start":{"line":9,"column":60},"end":{"line":9,"column":98}}},"4":{"name":"(anonymous_5)","decl":{"start":{"line":10,"column":25},"end":{"line":10,"column":26}},"loc":{"start":{"line":10,"column":58},"end":{"line":10,"column":89}}},"5":{"name":"(anonymous_6)","decl":{"start":{"line":11,"column":28},"end":{"line":11,"column":29}},"loc":{"start":{"line":11,"column":61},"end":{"line":11,"column":92}}}},"branchMap":{},"s":{"0":1,"1":1,"2":1,"3":1,"4":2,"5":1,"6":1,"7":1,"8":2,"9":1,"10":1,"11":1,"12":0,"13":1,"14":1,"15":1},"f":{"0":2,"1":1,"2":2,"3":1,"4":0,"5":1},"b":{}}
,"C:\\Users\\AGX\\projects\\project-user-api\\src\\server.ts": {"path":"C:\\Users\\AGX\\projects\\project-user-api\\src\\server.ts","statementMap":{"0":{"start":{"line":1,"column":0},"end":{"line":1,"column":76}},"1":{"start":{"line":2,"column":0},"end":{"line":2,"column":44}},"2":{"start":{"line":3,"column":0},"end":{"line":3,"column":32}},"3":{"start":{"line":4,"column":0},"end":{"line":4,"column":30}},"4":{"start":{"line":5,"column":0},"end":{"line":5,"column":33}},"5":{"start":{"line":11,"column":4},"end":{"line":11,"column":29}},"6":{"start":{"line":12,"column":4},"end":{"line":12,"column":20}},"7":{"start":{"line":13,"column":4},"end":{"line":13,"column":23}},"8":{"start":{"line":14,"column":4},"end":{"line":14,"column":18}},"9":{"start":{"line":15,"column":4},"end":{"line":15,"column":96}},"10":{"start":{"line":15,"column":36},"end":{"line":15,"column":94}},"11":{"start":{"line":19,"column":4},"end":{"line":19,"column":20}},"12":{"start":{"line":20,"column":4},"end":{"line":20,"column":32}},"13":{"start":{"line":24,"column":4},"end":{"line":24,"column":37}},"14":{"start":{"line":25,"column":4},"end":{"line":25,"column":null}},"15":{"start":{"line":29,"column":4},"end":{"line":29,"column":34}},"16":{"start":{"line":33,"column":0},"end":{"line":33,"column":33}}},"fnMap":{"0":{"name":"(anonymous_8)","decl":{"start":{"line":10,"column":2},"end":{"line":10,"column":null}},"loc":{"start":{"line":10,"column":2},"end":{"line":16,"column":3}}},"1":{"name":"(anonymous_9)","decl":{"start":{"line":15,"column":30},"end":{"line":15,"column":33}},"loc":{"start":{"line":15,"column":36},"end":{"line":15,"column":94}}},"2":{"name":"(anonymous_10)","decl":{"start":{"line":18,"column":16},"end":{"line":18,"column":24}},"loc":{"start":{"line":18,"column":24},"end":{"line":21,"column":null}}},"3":{"name":"(anonymous_12)","decl":{"start":{"line":23,"column":10},"end":{"line":23,"column":21}},"loc":{"start":{"line":23,"column":21},"end":{"line":26,"column":3}}},"4":{"name":"(anonymous_13)","decl":{"start":{"line":28,"column":10},"end":{"line":28,"column":16}},"loc":{"start":{"line":28,"column":16},"end":{"line":30,"column":3}}}},"branchMap":{},"s":{"0":1,"1":1,"2":1,"3":1,"4":1,"5":1,"6":1,"7":1,"8":1,"9":1,"10":1,"11":1,"12":1,"13":1,"14":1,"15":1,"16":1},"f":{"0":1,"1":1,"2":1,"3":1,"4":1},"b":{}}
,"C:\\Users\\AGX\\projects\\project-user-api\\src\\app\\controller\\UserController.ts": {"path":"C:\\Users\\AGX\\projects\\project-user-api\\src\\app\\controller\\UserController.ts","statementMap":{"0":{"start":{"line":2,"column":0},"end":{"line":2,"column":38}},"1":{"start":{"line":3,"column":0},"end":{"line":3,"column":32}},"2":{"start":{"line":5,"column":0},"end":{"line":5,"column":30}},"3":{"start":{"line":6,"column":0},"end":{"line":6,"column":33}},"4":{"start":{"line":8,"column":0},"end":{"line":8,"column":41}},"5":{"start":{"line":10,"column":12},"end":{"line":10,"column":21}},"6":{"start":{"line":11,"column":15},"end":{"line":11,"column":31}},"7":{"start":{"line":13,"column":0},"end":{"line":13,"column":null}},"8":{"start":{"line":14,"column":0},"end":{"line":14,"column":null}},"9":{"start":{"line":18,"column":8},"end":{"line":46,"column":9}},"10":{"start":{"line":19,"column":27},"end":{"line":19,"column":37}},"11":{"start":{"line":21,"column":23},"end":{"line":21,"column":37}},"12":{"start":{"line":22,"column":12},"end":{"line":25,"column":null}},"13":{"start":{"line":23,"column":43},"end":{"line":23,"column":78}},"14":{"start":{"line":27,"column":27},"end":{"line":28,"column":null}},"15":{"start":{"line":31,"column":12},"end":{"line":34,"column":13}},"16":{"start":{"line":32,"column":16},"end":{"line":32,"column":null}},"17":{"start":{"line":33,"column":16},"end":{"line":33,"column":66}},"18":{"start":{"line":36,"column":25},"end":{"line":36,"column":60}},"19":{"start":{"line":37,"column":12},"end":{"line":39,"column":13}},"20":{"start":{"line":38,"column":16},"end":{"line":38,"column":59}},"21":{"start":{"line":41,"column":12},"end":{"line":43,"column":15}},"22":{"start":{"line":45,"column":12},"end":{"line":45,"column":73}},"23":{"start":{"line":50,"column":8},"end":{"line":88,"column":9}},"24":{"start":{"line":51,"column":48},"end":{"line":51,"column":56}},"25":{"start":{"line":53,"column":23},"end":{"line":53,"column":37}},"26":{"start":{"line":55,"column":12},"end":{"line":58,"column":15}},"27":{"start":{"line":56,"column":45},"end":{"line":56,"column":61}},"28":{"start":{"line":60,"column":12},"end":{"line":63,"column":15}},"29":{"start":{"line":61,"column":45},"end":{"line":61,"column":63}},"30":{"start":{"line":65,"column":12},"end":{"line":68,"column":15}},"31":{"start":{"line":66,"column":51},"end":{"line":66,"column":73}},"32":{"start":{"line":70,"column":27},"end":{"line":73,"column":null}},"33":{"start":{"line":76,"column":12},"end":{"line":79,"column":13}},"34":{"start":{"line":77,"column":16},"end":{"line":77,"column":null}},"35":{"start":{"line":78,"column":16},"end":{"line":78,"column":66}},"36":{"start":{"line":81,"column":25},"end":{"line":81,"column":57}},"37":{"start":{"line":83,"column":12},"end":{"line":85,"column":null}},"38":{"start":{"line":87,"column":12},"end":{"line":87,"column":73}},"39":{"start":{"line":92,"column":8},"end":{"line":99,"column":9}},"40":{"start":{"line":93,"column":26},"end":{"line":93,"column":57}},"41":{"start":{"line":94,"column":12},"end":{"line":96,"column":15}},"42":{"start":{"line":98,"column":12},"end":{"line":98,"column":73}},"43":{"start":{"line":103,"column":8},"end":{"line":137,"column":9}},"44":{"start":{"line":104,"column":27},"end":{"line":104,"column":37}},"45":{"start":{"line":106,"column":23},"end":{"line":106,"column":37}},"46":{"start":{"line":107,"column":12},"end":{"line":110,"column":null}},"47":{"start":{"line":108,"column":43},"end":{"line":108,"column":78}},"48":{"start":{"line":112,"column":27},"end":{"line":113,"column":null}},"49":{"start":{"line":116,"column":12},"end":{"line":119,"column":13}},"50":{"start":{"line":117,"column":16},"end":{"line":117,"column":null}},"51":{"start":{"line":118,"column":16},"end":{"line":118,"column":66}},"52":{"start":{"line":121,"column":53},"end":{"line":121,"column":55}},"53":{"start":{"line":122,"column":30},"end":{"line":122,"column":51}},"54":{"start":{"line":124,"column":12},"end":{"line":126,"column":15}},"55":{"start":{"line":125,"column":16},"end":{"line":125,"column":47}},"56":{"start":{"line":128,"column":25},"end":{"line":128,"column":97}},"57":{"start":{"line":129,"column":12},"end":{"line":131,"column":13}},"58":{"start":{"line":130,"column":16},"end":{"line":130,"column":54}},"59":{"start":{"line":132,"column":12},"end":{"line":134,"column":null}},"60":{"start":{"line":136,"column":12},"end":{"line":136,"column":73}},"61":{"start":{"line":141,"column":8},"end":{"line":169,"column":9}},"62":{"start":{"line":142,"column":27},"end":{"line":142,"column":37}},"63":{"start":{"line":144,"column":23},"end":{"line":144,"column":37}},"64":{"start":{"line":145,"column":12},"end":{"line":148,"column":null}},"65":{"start":{"line":146,"column":43},"end":{"line":146,"column":78}},"66":{"start":{"line":150,"column":27},"end":{"line":151,"column":null}},"67":{"start":{"line":154,"column":12},"end":{"line":157,"column":13}},"68":{"start":{"line":155,"column":16},"end":{"line":155,"column":null}},"69":{"start":{"line":156,"column":16},"end":{"line":156,"column":66}},"70":{"start":{"line":159,"column":25},"end":{"line":159,"column":94}},"71":{"start":{"line":160,"column":12},"end":{"line":162,"column":13}},"72":{"start":{"line":161,"column":16},"end":{"line":161,"column":59}},"73":{"start":{"line":164,"column":12},"end":{"line":166,"column":null}},"74":{"start":{"line":168,"column":12},"end":{"line":168,"column":73}},"75":{"start":{"line":173,"column":8},"end":{"line":199,"column":9}},"76":{"start":{"line":174,"column":27},"end":{"line":174,"column":37}},"77":{"start":{"line":176,"column":23},"end":{"line":176,"column":37}},"78":{"start":{"line":177,"column":12},"end":{"line":180,"column":null}},"79":{"start":{"line":178,"column":43},"end":{"line":178,"column":78}},"80":{"start":{"line":182,"column":27},"end":{"line":183,"column":null}},"81":{"start":{"line":186,"column":12},"end":{"line":189,"column":13}},"82":{"start":{"line":187,"column":16},"end":{"line":187,"column":null}},"83":{"start":{"line":188,"column":16},"end":{"line":188,"column":66}},"84":{"start":{"line":191,"column":27},"end":{"line":191,"column":71}},"85":{"start":{"line":192,"column":12},"end":{"line":194,"column":13}},"86":{"start":{"line":193,"column":16},"end":{"line":193,"column":59}},"87":{"start":{"line":196,"column":12},"end":{"line":196,"column":52}},"88":{"start":{"line":198,"column":12},"end":{"line":198,"column":73}},"89":{"start":{"line":203,"column":0},"end":{"line":203,"column":36}}},"fnMap":{"0":{"name":"(anonymous_8)","decl":{"start":{"line":17,"column":10},"end":{"line":17,"column":17}},"loc":{"start":{"line":17,"column":45},"end":{"line":47,"column":null}}},"1":{"name":"(anonymous_10)","decl":{"start":{"line":23,"column":27},"end":{"line":23,"column":28}},"loc":{"start":{"line":23,"column":43},"end":{"line":23,"column":78}}},"2":{"name":"(anonymous_11)","decl":{"start":{"line":49,"column":10},"end":{"line":49,"column":15}},"loc":{"start":{"line":49,"column":43},"end":{"line":89,"column":null}}},"3":{"name":"(anonymous_13)","decl":{"start":{"line":56,"column":27},"end":{"line":56,"column":28}},"loc":{"start":{"line":56,"column":45},"end":{"line":56,"column":61}}},"4":{"name":"(anonymous_14)","decl":{"start":{"line":61,"column":27},"end":{"line":61,"column":28}},"loc":{"start":{"line":61,"column":45},"end":{"line":61,"column":63}}},"5":{"name":"(anonymous_15)","decl":{"start":{"line":66,"column":27},"end":{"line":66,"column":28}},"loc":{"start":{"line":66,"column":51},"end":{"line":66,"column":73}}},"6":{"name":"(anonymous_16)","decl":{"start":{"line":91,"column":10},"end":{"line":91,"column":15}},"loc":{"start":{"line":91,"column":43},"end":{"line":100,"column":null}}},"7":{"name":"(anonymous_18)","decl":{"start":{"line":102,"column":10},"end":{"line":102,"column":23}},"loc":{"start":{"line":102,"column":51},"end":{"line":138,"column":null}}},"8":{"name":"(anonymous_20)","decl":{"start":{"line":108,"column":27},"end":{"line":108,"column":28}},"loc":{"start":{"line":108,"column":43},"end":{"line":108,"column":78}}},"9":{"name":"(anonymous_21)","decl":{"start":{"line":124,"column":30},"end":{"line":124,"column":32}},"loc":{"start":{"line":124,"column":35},"end":{"line":126,"column":13}}},"10":{"name":"(anonymous_22)","decl":{"start":{"line":140,"column":10},"end":{"line":140,"column":16}},"loc":{"start":{"line":140,"column":44},"end":{"line":170,"column":null}}},"11":{"name":"(anonymous_24)","decl":{"start":{"line":146,"column":27},"end":{"line":146,"column":28}},"loc":{"start":{"line":146,"column":43},"end":{"line":146,"column":78}}},"12":{"name":"(anonymous_25)","decl":{"start":{"line":172,"column":10},"end":{"line":172,"column":16}},"loc":{"start":{"line":172,"column":44},"end":{"line":200,"column":null}}},"13":{"name":"(anonymous_27)","decl":{"start":{"line":178,"column":27},"end":{"line":178,"column":28}},"loc":{"start":{"line":178,"column":43},"end":{"line":178,"column":78}}}},"branchMap":{"0":{"loc":{"start":{"line":31,"column":12},"end":{"line":34,"column":13}},"type":"if","locations":[{"start":{"line":31,"column":12},"end":{"line":34,"column":13}}]},"1":{"loc":{"start":{"line":37,"column":12},"end":{"line":39,"column":13}},"type":"if","locations":[{"start":{"line":37,"column":12},"end":{"line":39,"column":13}}]},"2":{"loc":{"start":{"line":76,"column":12},"end":{"line":79,"column":13}},"type":"if","locations":[{"start":{"line":76,"column":12},"end":{"line":79,"column":13}}]},"3":{"loc":{"start":{"line":116,"column":12},"end":{"line":119,"column":13}},"type":"if","locations":[{"start":{"line":116,"column":12},"end":{"line":119,"column":13}}]},"4":{"loc":{"start":{"line":129,"column":12},"end":{"line":131,"column":13}},"type":"if","locations":[{"start":{"line":129,"column":12},"end":{"line":131,"column":13}}]},"5":{"loc":{"start":{"line":154,"column":12},"end":{"line":157,"column":13}},"type":"if","locations":[{"start":{"line":154,"column":12},"end":{"line":157,"column":13}}]},"6":{"loc":{"start":{"line":160,"column":12},"end":{"line":162,"column":13}},"type":"if","locations":[{"start":{"line":160,"column":12},"end":{"line":162,"column":13}}]},"7":{"loc":{"start":{"line":186,"column":12},"end":{"line":189,"column":13}},"type":"if","locations":[{"start":{"line":186,"column":12},"end":{"line":189,"column":13}}]},"8":{"loc":{"start":{"line":192,"column":12},"end":{"line":194,"column":13}},"type":"if","locations":[{"start":{"line":192,"column":12},"end":{"line":194,"column":13}}]}},"s":{"0":1,"1":1,"2":1,"3":1,"4":1,"5":1,"6":1,"7":1,"8":1,"9":2,"10":2,"11":2,"12":2,"13":2,"14":2,"15":2,"16":0,"17":0,"18":2,"19":2,"20":1,"21":1,"22":0,"23":2,"24":2,"25":2,"26":2,"27":2,"28":2,"29":2,"30":2,"31":2,"32":2,"33":2,"34":0,"35":0,"36":2,"37":2,"38":0,"39":1,"40":1,"41":1,"42":0,"43":1,"44":1,"45":1,"46":1,"47":1,"48":1,"49":1,"50":0,"51":0,"52":1,"53":1,"54":1,"55":1,"56":1,"57":1,"58":0,"59":1,"60":0,"61":0,"62":0,"63":0,"64":0,"65":0,"66":0,"67":0,"68":0,"69":0,"70":0,"71":0,"72":0,"73":0,"74":0,"75":1,"76":1,"77":1,"78":1,"79":1,"80":1,"81":1,"82":0,"83":0,"84":1,"85":1,"86":0,"87":1,"88":0,"89":1},"f":{"0":2,"1":2,"2":2,"3":2,"4":2,"5":2,"6":1,"7":1,"8":1,"9":1,"10":0,"11":0,"12":1,"13":1},"b":{"0":[0],"1":[1],"2":[0],"3":[0],"4":[0],"5":[0],"6":[0],"7":[0],"8":[0]}}
,"C:\\Users\\AGX\\projects\\project-user-api\\src\\app\\model\\User.ts": {"path":"C:\\Users\\AGX\\projects\\project-user-api\\src\\app\\model\\User.ts","statementMap":{"0":{"start":{"line":1,"column":0},"end":{"line":1,"column":54}},"1":{"start":{"line":9,"column":34},"end":{"line":22,"column":2}},"2":{"start":{"line":24,"column":18},"end":{"line":24,"column":59}},"3":{"start":{"line":25,"column":0},"end":{"line":25,"column":25}}},"fnMap":{},"branchMap":{},"s":{"0":1,"1":1,"2":1,"3":1},"f":{},"b":{}}
,"C:\\Users\\AGX\\projects\\project-user-api\\src\\database\\config.ts": {"path":"C:\\Users\\AGX\\projects\\project-user-api\\src\\database\\config.ts","statementMap":{"0":{"start":{"line":1,"column":0},"end":{"line":1,"column":32}},"1":{"start":{"line":3,"column":12},"end":{"line":3,"column":114}},"2":{"start":{"line":5,"column":23},"end":{"line":16,"column":2}},"3":{"start":{"line":5,"column":49},"end":{"line":16,"column":2}},"4":{"start":{"line":6,"column":4},"end":{"line":15,"column":5}},"5":{"start":{"line":7,"column":8},"end":{"line":10,"column":11}},"6":{"start":{"line":11,"column":8},"end":{"line":11,"column":44}},"7":{"start":{"line":13,"column":8},"end":{"line":13,"column":60}},"8":{"start":{"line":14,"column":8},"end":{"line":14,"column":24}},"9":{"start":{"line":5,"column":13},"end":{"line":5,"column":23}}},"fnMap":{"0":{"name":"(anonymous_8)","decl":{"start":{"line":5,"column":23},"end":{"line":5,"column":47}},"loc":{"start":{"line":5,"column":49},"end":{"line":16,"column":2}}},"1":{"name":"(anonymous_9)","decl":{"start":{"line":5,"column":49},"end":{"line":5,"column":null}},"loc":{"start":{"line":5,"column":49},"end":{"line":16,"column":1}}}},"branchMap":{},"s":{"0":1,"1":1,"2":1,"3":1,"4":1,"5":1,"6":1,"7":0,"8":0,"9":1},"f":{"0":1,"1":1},"b":{}}
}
