{"C:\\Users\\AGX\\projects\\project-user-api\\src\\routes.ts": {"path":"C:\\Users\\AGX\\projects\\project-user-api\\src\\routes.ts","statementMap":{"0":{"start":{"line":1,"column":0},"end":{"line":1,"column":53}},"1":{"start":{"line":2,"column":0},"end":{"line":2,"column":61}},"2":{"start":{"line":4,"column":15},"end":{"line":4,"column":31}},"3":{"start":{"line":6,"column":0},"end":{"line":6,"column":50}},"4":{"start":{"line":7,"column":0},"end":{"line":7,"column":44}},"5":{"start":{"line":8,"column":0},"end":{"line":8,"column":45}},"6":{"start":{"line":9,"column":0},"end":{"line":9,"column":58}},"7":{"start":{"line":10,"column":0},"end":{"line":10,"column":49}},"8":{"start":{"line":11,"column":0},"end":{"line":11,"column":52}},"9":{"start":{"line":13,"column":0},"end":{"line":13,"column":22}}},"fnMap":{},"branchMap":{},"s":{"0":1,"1":1,"2":1,"3":1,"4":1,"5":1,"6":1,"7":1,"8":1,"9":1},"f":{},"b":{}}
,"C:\\Users\\AGX\\projects\\project-user-api\\src\\server.ts": {"path":"C:\\Users\\AGX\\projects\\project-user-api\\src\\server.ts","statementMap":{"0":{"start":{"line":1,"column":0},"end":{"line":1,"column":76}},"1":{"start":{"line":2,"column":0},"end":{"line":2,"column":44}},"2":{"start":{"line":3,"column":0},"end":{"line":3,"column":32}},"3":{"start":{"line":4,"column":0},"end":{"line":4,"column":30}},"4":{"start":{"line":5,"column":0},"end":{"line":5,"column":34}},"5":{"start":{"line":11,"column":4},"end":{"line":11,"column":29}},"6":{"start":{"line":12,"column":4},"end":{"line":12,"column":20}},"7":{"start":{"line":13,"column":4},"end":{"line":13,"column":23}},"8":{"start":{"line":14,"column":4},"end":{"line":14,"column":18}},"9":{"start":{"line":15,"column":4},"end":{"line":15,"column":96}},"10":{"start":{"line":15,"column":36},"end":{"line":15,"column":94}},"11":{"start":{"line":19,"column":4},"end":{"line":19,"column":20}},"12":{"start":{"line":20,"column":4},"end":{"line":20,"column":32}},"13":{"start":{"line":24,"column":4},"end":{"line":24,"column":37}},"14":{"start":{"line":25,"column":4},"end":{"line":25,"column":32}},"15":{"start":{"line":29,"column":4},"end":{"line":29,"column":34}},"16":{"start":{"line":33,"column":0},"end":{"line":33,"column":33}}},"fnMap":{"0":{"name":"(anonymous_8)","decl":{"start":{"line":10,"column":2},"end":{"line":10,"column":null}},"loc":{"start":{"line":10,"column":2},"end":{"line":16,"column":3}}},"1":{"name":"(anonymous_9)","decl":{"start":{"line":15,"column":30},"end":{"line":15,"column":33}},"loc":{"start":{"line":15,"column":36},"end":{"line":15,"column":94}}},"2":{"name":"(anonymous_10)","decl":{"start":{"line":18,"column":16},"end":{"line":18,"column":24}},"loc":{"start":{"line":18,"column":24},"end":{"line":21,"column":null}}},"3":{"name":"(anonymous_12)","decl":{"start":{"line":23,"column":10},"end":{"line":23,"column":21}},"loc":{"start":{"line":23,"column":21},"end":{"line":26,"column":3}}},"4":{"name":"(anonymous_13)","decl":{"start":{"line":28,"column":10},"end":{"line":28,"column":16}},"loc":{"start":{"line":28,"column":16},"end":{"line":30,"column":3}}}},"branchMap":{},"s":{"0":1,"1":1,"2":1,"3":1,"4":1,"5":1,"6":1,"7":1,"8":1,"9":1,"10":1,"11":1,"12":1,"13":1,"14":1,"15":1,"16":1},"f":{"0":1,"1":1,"2":1,"3":1,"4":1},"b":{}}
,"C:\\Users\\AGX\\projects\\project-user-api\\src\\app\\controller\\UserController.ts": {"path":"C:\\Users\\AGX\\projects\\project-user-api\\src\\app\\controller\\UserController.ts","statementMap":{"0":{"start":{"line":2,"column":0},"end":{"line":2,"column":38}},"1":{"start":{"line":3,"column":0},"end":{"line":3,"column":32}},"2":{"start":{"line":4,"column":0},"end":{"line":4,"column":30}},"3":{"start":{"line":5,"column":0},"end":{"line":5,"column":34}},"4":{"start":{"line":6,"column":0},"end":{"line":6,"column":41}},"5":{"start":{"line":8,"column":12},"end":{"line":8,"column":21}},"6":{"start":{"line":9,"column":15},"end":{"line":9,"column":31}},"7":{"start":{"line":11,"column":0},"end":{"line":11,"column":null}},"8":{"start":{"line":12,"column":0},"end":{"line":12,"column":null}},"9":{"start":{"line":16,"column":8},"end":{"line":44,"column":9}},"10":{"start":{"line":17,"column":27},"end":{"line":17,"column":37}},"11":{"start":{"line":19,"column":23},"end":{"line":19,"column":37}},"12":{"start":{"line":20,"column":12},"end":{"line":23,"column":null}},"13":{"start":{"line":21,"column":43},"end":{"line":21,"column":78}},"14":{"start":{"line":25,"column":27},"end":{"line":26,"column":null}},"15":{"start":{"line":29,"column":12},"end":{"line":32,"column":13}},"16":{"start":{"line":30,"column":16},"end":{"line":30,"column":null}},"17":{"start":{"line":31,"column":16},"end":{"line":31,"column":70}},"18":{"start":{"line":34,"column":25},"end":{"line":34,"column":60}},"19":{"start":{"line":35,"column":12},"end":{"line":37,"column":13}},"20":{"start":{"line":36,"column":16},"end":{"line":36,"column":67}},"21":{"start":{"line":39,"column":12},"end":{"line":41,"column":15}},"22":{"start":{"line":43,"column":12},"end":{"line":43,"column":76}},"23":{"start":{"line":48,"column":8},"end":{"line":86,"column":9}},"24":{"start":{"line":49,"column":48},"end":{"line":49,"column":56}},"25":{"start":{"line":51,"column":23},"end":{"line":51,"column":37}},"26":{"start":{"line":53,"column":12},"end":{"line":56,"column":15}},"27":{"start":{"line":54,"column":45},"end":{"line":54,"column":61}},"28":{"start":{"line":58,"column":12},"end":{"line":61,"column":15}},"29":{"start":{"line":59,"column":43},"end":{"line":59,"column":112}},"30":{"start":{"line":63,"column":12},"end":{"line":66,"column":15}},"31":{"start":{"line":64,"column":51},"end":{"line":64,"column":73}},"32":{"start":{"line":68,"column":27},"end":{"line":71,"column":null}},"33":{"start":{"line":74,"column":12},"end":{"line":77,"column":13}},"34":{"start":{"line":75,"column":16},"end":{"line":75,"column":null}},"35":{"start":{"line":76,"column":16},"end":{"line":76,"column":70}},"36":{"start":{"line":79,"column":25},"end":{"line":79,"column":57}},"37":{"start":{"line":81,"column":12},"end":{"line":83,"column":null}},"38":{"start":{"line":85,"column":12},"end":{"line":85,"column":76}},"39":{"start":{"line":90,"column":8},"end":{"line":97,"column":9}},"40":{"start":{"line":91,"column":26},"end":{"line":91,"column":57}},"41":{"start":{"line":92,"column":12},"end":{"line":94,"column":15}},"42":{"start":{"line":96,"column":12},"end":{"line":96,"column":76}},"43":{"start":{"line":101,"column":8},"end":{"line":167,"column":9}},"44":{"start":{"line":102,"column":27},"end":{"line":102,"column":37}},"45":{"start":{"line":103,"column":33},"end":{"line":103,"column":41}},"46":{"start":{"line":105,"column":23},"end":{"line":105,"column":37}},"47":{"start":{"line":106,"column":12},"end":{"line":109,"column":15}},"48":{"start":{"line":107,"column":43},"end":{"line":107,"column":78}},"49":{"start":{"line":111,"column":27},"end":{"line":111,"column":43}},"50":{"start":{"line":112,"column":12},"end":{"line":115,"column":13}},"51":{"start":{"line":113,"column":16},"end":{"line":113,"column":36}},"52":{"start":{"line":114,"column":16},"end":{"line":114,"column":70}},"53":{"start":{"line":117,"column":32},"end":{"line":117,"column":46}},"54":{"start":{"line":118,"column":58},"end":{"line":118,"column":60}},"55":{"start":{"line":120,"column":12},"end":{"line":129,"column":13}},"56":{"start":{"line":121,"column":16},"end":{"line":124,"column":19}},"57":{"start":{"line":122,"column":46},"end":{"line":122,"column":90}},"58":{"start":{"line":125,"column":35},"end":{"line":125,"column":81}},"59":{"start":{"line":126,"column":16},"end":{"line":128,"column":17}},"60":{"start":{"line":127,"column":20},"end":{"line":127,"column":55}},"61":{"start":{"line":131,"column":12},"end":{"line":140,"column":13}},"62":{"start":{"line":132,"column":16},"end":{"line":135,"column":19}},"63":{"start":{"line":133,"column":47},"end":{"line":133,"column":116}},"64":{"start":{"line":136,"column":36},"end":{"line":136,"column":84}},"65":{"start":{"line":137,"column":16},"end":{"line":139,"column":17}},"66":{"start":{"line":138,"column":20},"end":{"line":138,"column":57}},"67":{"start":{"line":142,"column":12},"end":{"line":151,"column":13}},"68":{"start":{"line":143,"column":16},"end":{"line":146,"column":19}},"69":{"start":{"line":144,"column":52},"end":{"line":144,"column":108}},"70":{"start":{"line":147,"column":41},"end":{"line":147,"column":99}},"71":{"start":{"line":148,"column":16},"end":{"line":150,"column":17}},"72":{"start":{"line":149,"column":20},"end":{"line":149,"column":67}},"73":{"start":{"line":153,"column":12},"end":{"line":156,"column":13}},"74":{"start":{"line":154,"column":16},"end":{"line":154,"column":46}},"75":{"start":{"line":155,"column":16},"end":{"line":155,"column":80}},"76":{"start":{"line":158,"column":25},"end":{"line":158,"column":98}},"77":{"start":{"line":159,"column":12},"end":{"line":161,"column":13}},"78":{"start":{"line":160,"column":16},"end":{"line":160,"column":67}},"79":{"start":{"line":163,"column":12},"end":{"line":163,"column":75}},"80":{"start":{"line":165,"column":12},"end":{"line":165,"column":33}},"81":{"start":{"line":166,"column":12},"end":{"line":166,"column":76}},"82":{"start":{"line":172,"column":8},"end":{"line":226,"column":9}},"83":{"start":{"line":173,"column":27},"end":{"line":173,"column":37}},"84":{"start":{"line":174,"column":48},"end":{"line":174,"column":56}},"85":{"start":{"line":176,"column":23},"end":{"line":176,"column":37}},"86":{"start":{"line":177,"column":12},"end":{"line":180,"column":15}},"87":{"start":{"line":178,"column":43},"end":{"line":178,"column":78}},"88":{"start":{"line":182,"column":27},"end":{"line":182,"column":43}},"89":{"start":{"line":183,"column":12},"end":{"line":186,"column":13}},"90":{"start":{"line":184,"column":16},"end":{"line":184,"column":36}},"91":{"start":{"line":185,"column":16},"end":{"line":185,"column":70}},"92":{"start":{"line":188,"column":32},"end":{"line":188,"column":46}},"93":{"start":{"line":190,"column":12},"end":{"line":193,"column":15}},"94":{"start":{"line":191,"column":45},"end":{"line":191,"column":89}},"95":{"start":{"line":195,"column":12},"end":{"line":198,"column":15}},"96":{"start":{"line":196,"column":43},"end":{"line":196,"column":112}},"97":{"start":{"line":200,"column":12},"end":{"line":203,"column":15}},"98":{"start":{"line":201,"column":51},"end":{"line":201,"column":107}},"99":{"start":{"line":205,"column":33},"end":{"line":208,"column":null}},"100":{"start":{"line":211,"column":12},"end":{"line":214,"column":13}},"101":{"start":{"line":212,"column":16},"end":{"line":212,"column":42}},"102":{"start":{"line":213,"column":16},"end":{"line":213,"column":76}},"103":{"start":{"line":216,"column":27},"end":{"line":216,"column":95}},"104":{"start":{"line":217,"column":12},"end":{"line":219,"column":13}},"105":{"start":{"line":218,"column":16},"end":{"line":218,"column":67}},"106":{"start":{"line":221,"column":32},"end":{"line":221,"column":67}},"107":{"start":{"line":222,"column":12},"end":{"line":222,"column":88}},"108":{"start":{"line":224,"column":12},"end":{"line":224,"column":33}},"109":{"start":{"line":225,"column":12},"end":{"line":225,"column":76}},"110":{"start":{"line":230,"column":8},"end":{"line":256,"column":9}},"111":{"start":{"line":231,"column":27},"end":{"line":231,"column":37}},"112":{"start":{"line":233,"column":23},"end":{"line":233,"column":37}},"113":{"start":{"line":234,"column":12},"end":{"line":237,"column":null}},"114":{"start":{"line":235,"column":43},"end":{"line":235,"column":78}},"115":{"start":{"line":239,"column":27},"end":{"line":240,"column":null}},"116":{"start":{"line":243,"column":12},"end":{"line":246,"column":13}},"117":{"start":{"line":244,"column":16},"end":{"line":244,"column":null}},"118":{"start":{"line":245,"column":16},"end":{"line":245,"column":70}},"119":{"start":{"line":248,"column":27},"end":{"line":248,"column":71}},"120":{"start":{"line":249,"column":12},"end":{"line":251,"column":13}},"121":{"start":{"line":250,"column":16},"end":{"line":250,"column":67}},"122":{"start":{"line":253,"column":12},"end":{"line":253,"column":63}},"123":{"start":{"line":255,"column":12},"end":{"line":255,"column":76}},"124":{"start":{"line":260,"column":0},"end":{"line":260,"column":36}}},"fnMap":{"0":{"name":"(anonymous_8)","decl":{"start":{"line":15,"column":10},"end":{"line":15,"column":17}},"loc":{"start":{"line":15,"column":45},"end":{"line":45,"column":null}}},"1":{"name":"(anonymous_10)","decl":{"start":{"line":21,"column":27},"end":{"line":21,"column":28}},"loc":{"start":{"line":21,"column":43},"end":{"line":21,"column":78}}},"2":{"name":"(anonymous_11)","decl":{"start":{"line":47,"column":10},"end":{"line":47,"column":15}},"loc":{"start":{"line":47,"column":43},"end":{"line":87,"column":null}}},"3":{"name":"(anonymous_13)","decl":{"start":{"line":54,"column":27},"end":{"line":54,"column":28}},"loc":{"start":{"line":54,"column":45},"end":{"line":54,"column":61}}},"4":{"name":"(anonymous_14)","decl":{"start":{"line":59,"column":27},"end":{"line":59,"column":28}},"loc":{"start":{"line":59,"column":43},"end":{"line":59,"column":112}}},"5":{"name":"(anonymous_15)","decl":{"start":{"line":64,"column":27},"end":{"line":64,"column":28}},"loc":{"start":{"line":64,"column":51},"end":{"line":64,"column":73}}},"6":{"name":"(anonymous_16)","decl":{"start":{"line":89,"column":10},"end":{"line":89,"column":15}},"loc":{"start":{"line":89,"column":43},"end":{"line":98,"column":null}}},"7":{"name":"(anonymous_18)","decl":{"start":{"line":100,"column":10},"end":{"line":100,"column":23}},"loc":{"start":{"line":100,"column":51},"end":{"line":168,"column":null}}},"8":{"name":"(anonymous_20)","decl":{"start":{"line":107,"column":27},"end":{"line":107,"column":28}},"loc":{"start":{"line":107,"column":43},"end":{"line":107,"column":78}}},"9":{"name":"(anonymous_21)","decl":{"start":{"line":122,"column":31},"end":{"line":122,"column":32}},"loc":{"start":{"line":122,"column":46},"end":{"line":122,"column":90}}},"10":{"name":"(anonymous_22)","decl":{"start":{"line":133,"column":31},"end":{"line":133,"column":32}},"loc":{"start":{"line":133,"column":47},"end":{"line":133,"column":116}}},"11":{"name":"(anonymous_23)","decl":{"start":{"line":144,"column":31},"end":{"line":144,"column":32}},"loc":{"start":{"line":144,"column":52},"end":{"line":144,"column":108}}},"12":{"name":"(anonymous_24)","decl":{"start":{"line":171,"column":10},"end":{"line":171,"column":16}},"loc":{"start":{"line":171,"column":44},"end":{"line":227,"column":null}}},"13":{"name":"(anonymous_26)","decl":{"start":{"line":178,"column":27},"end":{"line":178,"column":28}},"loc":{"start":{"line":178,"column":43},"end":{"line":178,"column":78}}},"14":{"name":"(anonymous_27)","decl":{"start":{"line":191,"column":27},"end":{"line":191,"column":28}},"loc":{"start":{"line":191,"column":45},"end":{"line":191,"column":89}}},"15":{"name":"(anonymous_28)","decl":{"start":{"line":196,"column":27},"end":{"line":196,"column":28}},"loc":{"start":{"line":196,"column":43},"end":{"line":196,"column":112}}},"16":{"name":"(anonymous_29)","decl":{"start":{"line":201,"column":27},"end":{"line":201,"column":28}},"loc":{"start":{"line":201,"column":51},"end":{"line":201,"column":107}}},"17":{"name":"(anonymous_30)","decl":{"start":{"line":229,"column":10},"end":{"line":229,"column":16}},"loc":{"start":{"line":229,"column":44},"end":{"line":257,"column":null}}},"18":{"name":"(anonymous_32)","decl":{"start":{"line":235,"column":27},"end":{"line":235,"column":28}},"loc":{"start":{"line":235,"column":43},"end":{"line":235,"column":78}}}},"branchMap":{"0":{"loc":{"start":{"line":29,"column":12},"end":{"line":32,"column":13}},"type":"if","locations":[{"start":{"line":29,"column":12},"end":{"line":32,"column":13}}]},"1":{"loc":{"start":{"line":35,"column":12},"end":{"line":37,"column":13}},"type":"if","locations":[{"start":{"line":35,"column":12},"end":{"line":37,"column":13}}]},"2":{"loc":{"start":{"line":59,"column":43},"end":{"line":59,"column":112}},"type":"binary-expr","locations":[{"start":{"line":59,"column":43},"end":{"line":59,"column":68}},{"start":{"line":59,"column":72},"end":{"line":59,"column":112}}]},"3":{"loc":{"start":{"line":74,"column":12},"end":{"line":77,"column":13}},"type":"if","locations":[{"start":{"line":74,"column":12},"end":{"line":77,"column":13}}]},"4":{"loc":{"start":{"line":112,"column":12},"end":{"line":115,"column":13}},"type":"if","locations":[{"start":{"line":112,"column":12},"end":{"line":115,"column":13}}]},"5":{"loc":{"start":{"line":120,"column":12},"end":{"line":129,"column":13}},"type":"if","locations":[{"start":{"line":120,"column":12},"end":{"line":129,"column":13}}]},"6":{"loc":{"start":{"line":122,"column":46},"end":{"line":122,"column":90}},"type":"binary-expr","locations":[{"start":{"line":122,"column":46},"end":{"line":122,"column":70}},{"start":{"line":122,"column":74},"end":{"line":122,"column":90}}]},"7":{"loc":{"start":{"line":126,"column":16},"end":{"line":128,"column":17}},"type":"if","locations":[{"start":{"line":126,"column":16},"end":{"line":128,"column":17}}]},"8":{"loc":{"start":{"line":131,"column":12},"end":{"line":140,"column":13}},"type":"if","locations":[{"start":{"line":131,"column":12},"end":{"line":140,"column":13}}]},"9":{"loc":{"start":{"line":133,"column":47},"end":{"line":133,"column":116}},"type":"binary-expr","locations":[{"start":{"line":133,"column":47},"end":{"line":133,"column":72}},{"start":{"line":133,"column":76},"end":{"line":133,"column":116}}]},"10":{"loc":{"start":{"line":137,"column":16},"end":{"line":139,"column":17}},"type":"if","locations":[{"start":{"line":137,"column":16},"end":{"line":139,"column":17}}]},"11":{"loc":{"start":{"line":142,"column":12},"end":{"line":151,"column":13}},"type":"if","locations":[{"start":{"line":142,"column":12},"end":{"line":151,"column":13}}]},"12":{"loc":{"start":{"line":144,"column":52},"end":{"line":144,"column":108}},"type":"binary-expr","locations":[{"start":{"line":144,"column":52},"end":{"line":144,"column":82}},{"start":{"line":144,"column":86},"end":{"line":144,"column":108}}]},"13":{"loc":{"start":{"line":148,"column":16},"end":{"line":150,"column":17}},"type":"if","locations":[{"start":{"line":148,"column":16},"end":{"line":150,"column":17}}]},"14":{"loc":{"start":{"line":153,"column":12},"end":{"line":156,"column":13}},"type":"if","locations":[{"start":{"line":153,"column":12},"end":{"line":156,"column":13}}]},"15":{"loc":{"start":{"line":159,"column":12},"end":{"line":161,"column":13}},"type":"if","locations":[{"start":{"line":159,"column":12},"end":{"line":161,"column":13}}]},"16":{"loc":{"start":{"line":183,"column":12},"end":{"line":186,"column":13}},"type":"if","locations":[{"start":{"line":183,"column":12},"end":{"line":186,"column":13}}]},"17":{"loc":{"start":{"line":191,"column":45},"end":{"line":191,"column":89}},"type":"binary-expr","locations":[{"start":{"line":191,"column":45},"end":{"line":191,"column":69}},{"start":{"line":191,"column":73},"end":{"line":191,"column":89}}]},"18":{"loc":{"start":{"line":196,"column":43},"end":{"line":196,"column":112}},"type":"binary-expr","locations":[{"start":{"line":196,"column":43},"end":{"line":196,"column":68}},{"start":{"line":196,"column":72},"end":{"line":196,"column":112}}]},"19":{"loc":{"start":{"line":201,"column":51},"end":{"line":201,"column":107}},"type":"binary-expr","locations":[{"start":{"line":201,"column":51},"end":{"line":201,"column":81}},{"start":{"line":201,"column":85},"end":{"line":201,"column":107}}]},"20":{"loc":{"start":{"line":211,"column":12},"end":{"line":214,"column":13}},"type":"if","locations":[{"start":{"line":211,"column":12},"end":{"line":214,"column":13}}]},"21":{"loc":{"start":{"line":217,"column":12},"end":{"line":219,"column":13}},"type":"if","locations":[{"start":{"line":217,"column":12},"end":{"line":219,"column":13}}]},"22":{"loc":{"start":{"line":243,"column":12},"end":{"line":246,"column":13}},"type":"if","locations":[{"start":{"line":243,"column":12},"end":{"line":246,"column":13}}]},"23":{"loc":{"start":{"line":249,"column":12},"end":{"line":251,"column":13}},"type":"if","locations":[{"start":{"line":249,"column":12},"end":{"line":251,"column":13}}]}},"s":{"0":1,"1":1,"2":1,"3":1,"4":1,"5":1,"6":1,"7":1,"8":1,"9":3,"10":3,"11":3,"12":3,"13":3,"14":3,"15":3,"16":0,"17":0,"18":3,"19":3,"20":2,"21":1,"22":0,"23":2,"24":2,"25":2,"26":2,"27":2,"28":2,"29":2,"30":2,"31":2,"32":2,"33":2,"34":0,"35":0,"36":2,"37":2,"38":0,"39":1,"40":1,"41":1,"42":0,"43":1,"44":1,"45":1,"46":1,"47":1,"48":1,"49":1,"50":1,"51":0,"52":0,"53":1,"54":1,"55":1,"56":1,"57":1,"58":1,"59":1,"60":0,"61":1,"62":0,"63":0,"64":0,"65":0,"66":0,"67":1,"68":0,"69":0,"70":0,"71":0,"72":0,"73":1,"74":0,"75":0,"76":1,"77":1,"78":0,"79":1,"80":0,"81":0,"82":0,"83":0,"84":0,"85":0,"86":0,"87":0,"88":0,"89":0,"90":0,"91":0,"92":0,"93":0,"94":0,"95":0,"96":0,"97":0,"98":0,"99":0,"100":0,"101":0,"102":0,"103":0,"104":0,"105":0,"106":0,"107":0,"108":0,"109":0,"110":2,"111":2,"112":2,"113":2,"114":2,"115":2,"116":2,"117":0,"118":0,"119":2,"120":2,"121":0,"122":2,"123":0,"124":1},"f":{"0":3,"1":3,"2":2,"3":2,"4":2,"5":2,"6":1,"7":1,"8":1,"9":1,"10":0,"11":0,"12":0,"13":0,"14":0,"15":0,"16":0,"17":2,"18":2},"b":{"0":[0],"1":[2],"2":[2,2],"3":[0],"4":[0],"5":[1],"6":[1,1],"7":[0],"8":[0],"9":[0,0],"10":[0],"11":[0],"12":[0,0],"13":[0],"14":[0],"15":[0],"16":[0],"17":[0,0],"18":[0,0],"19":[0,0],"20":[0],"21":[0],"22":[0],"23":[0]}}
,"C:\\Users\\AGX\\projects\\project-user-api\\src\\app\\model\\User.ts": {"path":"C:\\Users\\AGX\\projects\\project-user-api\\src\\app\\model\\User.ts","statementMap":{"0":{"start":{"line":1,"column":0},"end":{"line":1,"column":54}},"1":{"start":{"line":9,"column":34},"end":{"line":22,"column":2}},"2":{"start":{"line":24,"column":18},"end":{"line":24,"column":59}},"3":{"start":{"line":25,"column":0},"end":{"line":25,"column":25}}},"fnMap":{},"branchMap":{},"s":{"0":1,"1":1,"2":1,"3":1},"f":{},"b":{}}
,"C:\\Users\\AGX\\projects\\project-user-api\\src\\database\\config.ts": {"path":"C:\\Users\\AGX\\projects\\project-user-api\\src\\database\\config.ts","statementMap":{"0":{"start":{"line":1,"column":0},"end":{"line":1,"column":32}},"1":{"start":{"line":3,"column":12},"end":{"line":3,"column":114}},"2":{"start":{"line":5,"column":23},"end":{"line":16,"column":2}},"3":{"start":{"line":5,"column":49},"end":{"line":16,"column":2}},"4":{"start":{"line":6,"column":4},"end":{"line":15,"column":5}},"5":{"start":{"line":7,"column":8},"end":{"line":10,"column":11}},"6":{"start":{"line":11,"column":8},"end":{"line":11,"column":44}},"7":{"start":{"line":13,"column":8},"end":{"line":13,"column":60}},"8":{"start":{"line":14,"column":8},"end":{"line":14,"column":24}},"9":{"start":{"line":5,"column":13},"end":{"line":5,"column":23}}},"fnMap":{"0":{"name":"(anonymous_8)","decl":{"start":{"line":5,"column":23},"end":{"line":5,"column":47}},"loc":{"start":{"line":5,"column":49},"end":{"line":16,"column":2}}},"1":{"name":"(anonymous_9)","decl":{"start":{"line":5,"column":49},"end":{"line":5,"column":null}},"loc":{"start":{"line":5,"column":49},"end":{"line":16,"column":1}}}},"branchMap":{},"s":{"0":1,"1":1,"2":1,"3":1,"4":1,"5":1,"6":1,"7":0,"8":0,"9":1},"f":{"0":1,"1":1},"b":{}}
}
