TN:
SF:src\routes.ts
FNF:0
FNH:0
DA:1,1
DA:2,1
DA:4,1
DA:6,1
DA:7,1
DA:8,1
DA:9,1
DA:10,1
DA:11,1
DA:13,1
LF:10
LH:10
BRF:0
BRH:0
end_of_record
TN:
SF:src\server.ts
FN:10,(anonymous_8)
FN:15,(anonymous_9)
FN:18,(anonymous_10)
FN:23,(anonymous_12)
FN:28,(anonymous_13)
FNF:5
FNH:5
FNDA:1,(anonymous_8)
FNDA:1,(anonymous_9)
FNDA:1,(anonymous_10)
FNDA:1,(anonymous_12)
FNDA:1,(anonymous_13)
DA:1,1
DA:2,1
DA:3,1
DA:4,1
DA:5,1
DA:11,1
DA:12,1
DA:13,1
DA:14,1
DA:15,1
DA:19,1
DA:20,1
DA:24,1
DA:25,1
DA:29,1
DA:33,1
LF:16
LH:16
BRF:0
BRH:0
end_of_record
TN:
SF:src\app\controller\UserController.ts
FN:15,(anonymous_8)
FN:21,(anonymous_10)
FN:47,(anonymous_11)
FN:54,(anonymous_13)
FN:59,(anonymous_14)
FN:64,(anonymous_15)
FN:89,(anonymous_16)
FN:100,(anonymous_18)
FN:107,(anonymous_20)
FN:122,(anonymous_21)
FN:133,(anonymous_22)
FN:144,(anonymous_23)
FN:171,(anonymous_24)
FN:178,(anonymous_26)
FN:191,(anonymous_27)
FN:196,(anonymous_28)
FN:201,(anonymous_29)
FN:229,(anonymous_30)
FN:235,(anonymous_32)
FNF:19
FNH:12
FNDA:3,(anonymous_8)
FNDA:3,(anonymous_10)
FNDA:2,(anonymous_11)
FNDA:2,(anonymous_13)
FNDA:2,(anonymous_14)
FNDA:2,(anonymous_15)
FNDA:1,(anonymous_16)
FNDA:1,(anonymous_18)
FNDA:1,(anonymous_20)
FNDA:1,(anonymous_21)
FNDA:0,(anonymous_22)
FNDA:0,(anonymous_23)
FNDA:0,(anonymous_24)
FNDA:0,(anonymous_26)
FNDA:0,(anonymous_27)
FNDA:0,(anonymous_28)
FNDA:0,(anonymous_29)
FNDA:2,(anonymous_30)
FNDA:2,(anonymous_32)
DA:2,1
DA:3,1
DA:4,1
DA:5,1
DA:6,1
DA:8,1
DA:9,1
DA:11,1
DA:12,1
DA:16,3
DA:17,3
DA:19,3
DA:20,3
DA:21,3
DA:25,3
DA:29,3
DA:30,0
DA:31,0
DA:34,3
DA:35,3
DA:36,2
DA:39,1
DA:43,0
DA:48,2
DA:49,2
DA:51,2
DA:53,2
DA:54,2
DA:58,2
DA:59,2
DA:63,2
DA:64,2
DA:68,2
DA:74,2
DA:75,0
DA:76,0
DA:79,2
DA:81,2
DA:85,0
DA:90,1
DA:91,1
DA:92,1
DA:96,0
DA:101,1
DA:102,1
DA:103,1
DA:105,1
DA:106,1
DA:107,1
DA:111,1
DA:112,1
DA:113,0
DA:114,0
DA:117,1
DA:118,1
DA:120,1
DA:121,1
DA:122,1
DA:125,1
DA:126,1
DA:127,0
DA:131,1
DA:132,0
DA:133,0
DA:136,0
DA:137,0
DA:138,0
DA:142,1
DA:143,0
DA:144,0
DA:147,0
DA:148,0
DA:149,0
DA:153,1
DA:154,0
DA:155,0
DA:158,1
DA:159,1
DA:160,0
DA:163,1
DA:165,0
DA:166,0
DA:172,0
DA:173,0
DA:174,0
DA:176,0
DA:177,0
DA:178,0
DA:182,0
DA:183,0
DA:184,0
DA:185,0
DA:188,0
DA:190,0
DA:191,0
DA:195,0
DA:196,0
DA:200,0
DA:201,0
DA:205,0
DA:211,0
DA:212,0
DA:213,0
DA:216,0
DA:217,0
DA:218,0
DA:221,0
DA:222,0
DA:224,0
DA:225,0
DA:230,2
DA:231,2
DA:233,2
DA:234,2
DA:235,2
DA:239,2
DA:243,2
DA:244,0
DA:245,0
DA:248,2
DA:249,2
DA:250,0
DA:253,2
DA:255,0
DA:260,1
LF:125
LH:68
BRDA:29,0,0,0
BRDA:35,1,0,2
BRDA:59,2,0,2
BRDA:59,2,1,2
BRDA:74,3,0,0
BRDA:112,4,0,0
BRDA:120,5,0,1
BRDA:122,6,0,1
BRDA:122,6,1,1
BRDA:126,7,0,0
BRDA:131,8,0,0
BRDA:133,9,0,0
BRDA:133,9,1,0
BRDA:137,10,0,0
BRDA:142,11,0,0
BRDA:144,12,0,0
BRDA:144,12,1,0
BRDA:148,13,0,0
BRDA:153,14,0,0
BRDA:159,15,0,0
BRDA:183,16,0,0
BRDA:191,17,0,0
BRDA:191,17,1,0
BRDA:196,18,0,0
BRDA:196,18,1,0
BRDA:201,19,0,0
BRDA:201,19,1,0
BRDA:211,20,0,0
BRDA:217,21,0,0
BRDA:243,22,0,0
BRDA:249,23,0,0
BRF:31
BRH:6
end_of_record
TN:
SF:src\app\model\User.ts
FNF:0
FNH:0
DA:1,1
DA:9,1
DA:24,1
DA:25,1
LF:4
LH:4
BRF:0
BRH:0
end_of_record
TN:
SF:src\database\config.ts
FN:5,(anonymous_8)
FN:5,(anonymous_9)
FNF:2
FNH:2
FNDA:1,(anonymous_8)
FNDA:1,(anonymous_9)
DA:1,1
DA:3,1
DA:5,1
DA:6,1
DA:7,1
DA:11,1
DA:13,0
DA:14,0
LF:8
LH:6
BRF:0
BRH:0
end_of_record
