TN:
SF:src\routes.ts
FN:6,(anonymous_1)
FN:7,(anonymous_2)
FN:8,(anonymous_3)
FN:9,(anonymous_4)
FN:10,(anonymous_5)
FN:11,(anonymous_6)
FNF:6
FNH:4
FNDA:2,(anonymous_1)
FNDA:0,(anonymous_2)
FNDA:1,(anonymous_3)
FNDA:1,(anonymous_4)
FNDA:0,(anonymous_5)
FNDA:1,(anonymous_6)
DA:1,1
DA:2,1
DA:4,1
DA:6,2
DA:7,1
DA:8,1
DA:9,1
DA:10,1
DA:11,1
DA:13,1
LF:10
LH:10
BRF:0
BRH:0
end_of_record
TN:
SF:src\server.ts
FN:10,(anonymous_8)
FN:15,(anonymous_9)
FN:18,(anonymous_10)
FN:23,(anonymous_12)
FN:28,(anonymous_13)
FNF:5
FNH:5
FNDA:1,(anonymous_8)
FNDA:1,(anonymous_9)
FNDA:1,(anonymous_10)
FNDA:1,(anonymous_12)
FNDA:1,(anonymous_13)
DA:1,1
DA:2,1
DA:3,1
DA:4,1
DA:5,1
DA:11,1
DA:12,1
DA:13,1
DA:14,1
DA:15,1
DA:19,1
DA:20,1
DA:24,1
DA:25,1
DA:29,1
DA:33,1
LF:16
LH:16
BRF:0
BRH:0
end_of_record
TN:
SF:src\app\controller\UserController.ts
FN:17,(anonymous_8)
FN:23,(anonymous_10)
FN:49,(anonymous_11)
FN:56,(anonymous_13)
FN:61,(anonymous_14)
FN:66,(anonymous_15)
FN:91,(anonymous_16)
FN:102,(anonymous_18)
FN:108,(anonymous_20)
FN:124,(anonymous_21)
FN:140,(anonymous_22)
FN:146,(anonymous_24)
FN:172,(anonymous_25)
FN:178,(anonymous_27)
FNF:14
FNH:11
FNDA:2,(anonymous_8)
FNDA:2,(anonymous_10)
FNDA:1,(anonymous_11)
FNDA:1,(anonymous_13)
FNDA:1,(anonymous_14)
FNDA:1,(anonymous_15)
FNDA:0,(anonymous_16)
FNDA:1,(anonymous_18)
FNDA:1,(anonymous_20)
FNDA:1,(anonymous_21)
FNDA:0,(anonymous_22)
FNDA:0,(anonymous_24)
FNDA:1,(anonymous_25)
FNDA:1,(anonymous_27)
DA:2,1
DA:3,1
DA:5,1
DA:6,1
DA:8,1
DA:10,1
DA:11,1
DA:13,1
DA:14,1
DA:18,2
DA:19,2
DA:21,2
DA:22,2
DA:23,2
DA:27,2
DA:31,2
DA:32,0
DA:33,0
DA:36,2
DA:37,2
DA:38,1
DA:41,1
DA:45,0
DA:50,1
DA:51,1
DA:53,1
DA:55,1
DA:56,1
DA:60,1
DA:61,1
DA:65,1
DA:66,1
DA:70,1
DA:76,1
DA:77,0
DA:78,0
DA:81,1
DA:83,1
DA:87,0
DA:92,0
DA:93,0
DA:94,0
DA:98,0
DA:103,1
DA:104,1
DA:106,1
DA:107,1
DA:108,1
DA:112,1
DA:116,1
DA:117,0
DA:118,0
DA:121,1
DA:122,1
DA:124,1
DA:125,1
DA:128,1
DA:129,1
DA:130,0
DA:132,1
DA:136,0
DA:141,0
DA:142,0
DA:144,0
DA:145,0
DA:146,0
DA:150,0
DA:154,0
DA:155,0
DA:156,0
DA:159,0
DA:160,0
DA:161,0
DA:164,0
DA:168,0
DA:173,1
DA:174,1
DA:176,1
DA:177,1
DA:178,1
DA:182,1
DA:186,1
DA:187,0
DA:188,0
DA:191,1
DA:192,1
DA:193,0
DA:196,1
DA:198,0
DA:203,1
LF:90
LH:58
BRDA:31,0,0,0
BRDA:37,1,0,1
BRDA:76,2,0,0
BRDA:116,3,0,0
BRDA:129,4,0,0
BRDA:154,5,0,0
BRDA:160,6,0,0
BRDA:186,7,0,0
BRDA:192,8,0,0
BRF:9
BRH:1
end_of_record
TN:
SF:src\app\model\User.ts
FNF:0
FNH:0
DA:1,1
DA:9,1
DA:24,1
DA:25,1
LF:4
LH:4
BRF:0
BRH:0
end_of_record
TN:
SF:src\database\config.ts
FN:5,(anonymous_8)
FN:5,(anonymous_9)
FNF:2
FNH:2
FNDA:1,(anonymous_8)
FNDA:1,(anonymous_9)
DA:1,1
DA:3,1
DA:5,1
DA:6,1
DA:7,1
DA:11,1
DA:13,0
DA:14,0
LF:8
LH:6
BRF:0
BRH:0
end_of_record
